<?xml version="1.0" encoding="UTF-8"?>
<!-- Generated by org.testng.reporters.JUnitReportReporter -->
<testsuite hostname="salmans" name="com.nk.tests.RegisterPageTest" tests="9" failures="0" timestamp="5 May 2016 08:09:10 GMT" time="210.248" errors="0">
  <testcase name="verifyRegistrationPage" time="15.375" classname="com.nk.tests.RegisterPageTest"/>
  <testcase name="verifyCompleteMyProfilePage" time="6.845" classname="com.nk.tests.RegisterPageTest"/>
  <testcase name="popUpClose" time="2.212" classname="com.nk.tests.RegisterPageTest"/>
  <testcase name="verifyYourCurrentEmploymentDetails" time="47.000" classname="com.nk.tests.RegisterPageTest"/>
  <testcase name="verifyCreateYourJobAlert" time="27.052" classname="com.nk.tests.RegisterPageTest"/>
  <testcase name="verifyCompleteMyProfile" time="9.049" classname="com.nk.tests.RegisterPageTest"/>
  <testcase name="verifyYourContactInformation" time="19.574" classname="com.nk.tests.RegisterPageTest"/>
  <testcase name="verifyEducationDetails" time="35.241" classname="com.nk.tests.RegisterPageTest"/>
  <testcase name="verifyCreateLoginDetails" time="47.900" classname="com.nk.tests.RegisterPageTest"/>
</testsuite> <!-- com.nk.tests.RegisterPageTest -->
