<?xml version="1.0" encoding="UTF-8"?>
<!-- Generated by org.testng.reporters.JUnitReportReporter -->
<testsuite hostname="salmans" name="com.nk.tests.HomePageTest" tests="2" failures="0" timestamp="5 May 2016 08:09:10 GMT" time="12.329" errors="0">
  <testcase name="popUpClose" time="2.223" classname="com.nk.tests.HomePageTest"/>
  <testcase name="clickOnSiteLogoAndCheckThePageTitle" time="10.106" classname="com.nk.tests.HomePageTest"/>
</testsuite> <!-- com.nk.tests.HomePageTest -->
